Execution stack:
openFile(f, test.in)
readFromFile(c, f + 2);print(c);if (c) THEN (readFromFile(c, f);print(c)) ELSE (print(0));closeFile(f)
Symbol table:
Empty
Output:
Empty
File table:
Empty


Execution stack:
readFromFile(c, f + 2);print(c);if (c) THEN (readFromFile(c, f);print(c)) ELSE (print(0));closeFile(f)
Symbol table:
f : 1
Output:
Empty
File table:
test.in : 1


Execution stack:
readFromFile(c, f + 2)
print(c);if (c) THEN (readFromFile(c, f);print(c)) ELSE (print(0));closeFile(f)
Symbol table:
f : 1
Output:
Empty
File table:
test.in : 1


openFile(f, test.in)
readFromFile(c, f + 2);print(c);if (c) THEN (readFromFile(c, f);print(c)) ELSE (print(0));closeFile(f)Dictionary:
Empty
List:
Empty
FileTable:
Empty
Heap:
com.andrei.impl.domain.Heap@5f2108b5



readFromFile(c, f + 2);print(c);if (c) THEN (readFromFile(c, f);print(c)) ELSE (print(0));closeFile(f)Dictionary:
f : 1
List:
Empty
FileTable:
test.in : 1
Heap:
com.andrei.impl.domain.Heap@5f2108b5



readFromFile(c, f + 2)
print(c);if (c) THEN (readFromFile(c, f);print(c)) ELSE (print(0));closeFile(f)Dictionary:
f : 1
List:
Empty
FileTable:
test.in : 1
Heap:
com.andrei.impl.domain.Heap@5f2108b5



