v = 10
new(v, 22);new(a, 22);wH(a, 30);print(a);print(rH(a));a = 0
Dictionary:
Empty
List:
Empty
FileTable:
Empty
Heap:
Empty


new(v, 22);new(a, 22);wH(a, 30);print(a);print(rH(a));a = 0
Dictionary:
v : 10
List:
Empty
FileTable:
Empty
Heap:
Empty


new(v, 22)
new(a, 22);wH(a, 30);print(a);print(rH(a));a = 0
Dictionary:
v : 10
List:
Empty
FileTable:
Empty
Heap:
Empty


new(a, 22);wH(a, 30);print(a);print(rH(a));a = 0
Dictionary:
v : 1
List:
Empty
FileTable:
Empty
Heap:
1 : 22


new(a, 22)
wH(a, 30);print(a);print(rH(a));a = 0
Dictionary:
v : 1
List:
Empty
FileTable:
Empty
Heap:
1 : 22


wH(a, 30);print(a);print(rH(a));a = 0
Dictionary:
a : 2
v : 1
List:
Empty
FileTable:
Empty
Heap:
1 : 22
2 : 22


wH(a, 30)
print(a);print(rH(a));a = 0
Dictionary:
a : 2
v : 1
List:
Empty
FileTable:
Empty
Heap:
1 : 22
2 : 22


print(a);print(rH(a));a = 0
Dictionary:
a : 2
v : 1
List:
Empty
FileTable:
Empty
Heap:
1 : 22
2 : 30


print(a)
print(rH(a));a = 0
Dictionary:
a : 2
v : 1
List:
Empty
FileTable:
Empty
Heap:
1 : 22
2 : 30


print(rH(a));a = 0
Dictionary:
a : 2
v : 1
List:
2
FileTable:
Empty
Heap:
1 : 22
2 : 30


print(rH(a))
a = 0
Dictionary:
a : 2
v : 1
List:
2
FileTable:
Empty
Heap:
1 : 22
2 : 30


a = 0
Dictionary:
a : 2
v : 1
List:
230
FileTable:
Empty
Heap:
1 : 22
2 : 30


Empty
Dictionary:
a : 0
v : 1
List:
230
FileTable:
Empty
Heap:
1 : 22


v = 10
new(v, 22);new(a, 22);wH(a, 30);print(a);print(rH(a));a = 0
Dictionary:
Empty
List:
Empty
FileTable:
Empty
Heap:
Empty


new(v, 22);new(a, 22);wH(a, 30);print(a);print(rH(a));a = 0
Dictionary:
v : 10
List:
Empty
FileTable:
Empty
Heap:
Empty


new(v, 22)
new(a, 22);wH(a, 30);print(a);print(rH(a));a = 0
Dictionary:
v : 10
List:
Empty
FileTable:
Empty
Heap:
Empty


new(a, 22);wH(a, 30);print(a);print(rH(a));a = 0
Dictionary:
v : 1
List:
Empty
FileTable:
Empty
Heap:
1 : 22


new(a, 22)
wH(a, 30);print(a);print(rH(a));a = 0
Dictionary:
v : 1
List:
Empty
FileTable:
Empty
Heap:
1 : 22


wH(a, 30);print(a);print(rH(a));a = 0
Dictionary:
a : 2
v : 1
List:
Empty
FileTable:
Empty
Heap:
1 : 22
2 : 22


wH(a, 30)
print(a);print(rH(a));a = 0
Dictionary:
a : 2
v : 1
List:
Empty
FileTable:
Empty
Heap:
1 : 22
2 : 22


print(a);print(rH(a));a = 0
Dictionary:
a : 2
v : 1
List:
Empty
FileTable:
Empty
Heap:
1 : 22
2 : 30


print(a)
print(rH(a));a = 0
Dictionary:
a : 2
v : 1
List:
Empty
FileTable:
Empty
Heap:
1 : 22
2 : 30


print(rH(a));a = 0
Dictionary:
a : 2
v : 1
List:
2
FileTable:
Empty
Heap:
1 : 22
2 : 30


print(rH(a))
a = 0
Dictionary:
a : 2
v : 1
List:
2
FileTable:
Empty
Heap:
1 : 22
2 : 30


a = 0
Dictionary:
a : 2
v : 1
List:
230
FileTable:
Empty
Heap:
1 : 22
2 : 30


Empty
Dictionary:
a : 0
v : 1
List:
230
FileTable:
Empty
Heap:
1 : 22


